<?xml version="1.0" encoding="UTF-8"?>
<!-- Generated by org.testng.reporters.JUnitReportReporter -->
<testsuite skipped="1" hostname="ATMECSINLT-033" name="com.atmecs.oneway.testscript.OnewayTrip" tests="1" failures="0" timestamp="05 Sep 2019 09:11:18 GMT" time="0.000" errors="0">
  <testcase name="onewaytripbooking" time="0.000" classname="com.atmecs.oneway.testscript.OnewayTrip">
    <skipped/>
  </testcase> <!-- onewaytripbooking -->
</testsuite> <!-- com.atmecs.oneway.testscript.OnewayTrip -->
