<?xml version="1.0" encoding="UTF-8"?>
<!-- Generated by org.testng.reporters.JUnitReportReporter -->
<testsuite skipped="0" hostname="ATMECSINLT-033" name="com.atmecs.roundtrip.testscript.RoundTrip" tests="1" failures="0" timestamp="04 Sep 2019 14:01:43 GMT" time="12.465" errors="0">
  <testcase name="roundtrip" time="12.465" classname="com.atmecs.roundtrip.testscript.RoundTrip"/>
</testsuite> <!-- com.atmecs.roundtrip.testscript.RoundTrip -->
